#
# There is insufficient memory for the Java Runtime Environment to continue.
# Native memory allocation (mmap) failed to map 262144000 bytes. Error detail: G1 virtual space
# Possible reasons:
#   The system is out of physical RAM or swap space
#   This process is running with CompressedOops enabled, and the Java Heap may be blocking the growth of the native heap
# Possible solutions:
#   Reduce memory load on the system
#   Increase physical memory or swap space
#   Check if swap backing store is full
#   Decrease Java heap size (-Xmx/-Xms)
#   Decrease number of Java threads
#   Decrease Java thread stack sizes (-Xss)
#   Set larger code cache with -XX:ReservedCodeCacheSize=
#   JVM is running with Zero Based Compressed Oops mode in which the Java heap is
#     placed in the first 32GB address space. The Java Heap base address is the
#     maximum limit for the native heap growth. Please use -XX:HeapBaseMinAddress
#     to set the Java Heap base and to place the Java Heap above 32GB virtual address.
# This output file may be truncated or incomplete.
#
#  Out of Memory Error (os_windows.cpp:3618), pid=43568, tid=43592
#
# JRE version:  (17.0.16+8) (build )
# Java VM: OpenJDK 64-Bit Server VM (17.0.16+8, mixed mode, sharing, tiered, compressed oops, compressed class ptrs, g1 gc, windows-amd64)
# No core dump will be written. Minidumps are not enabled by default on client versions of Windows
#

---------------  S U M M A R Y ------------

Command Line: 

Host: Intel(R) Core(TM) 5 210H, 12 cores, 15G,  Windows 11 , 64 bit Build 26100 (10.0.26100.7705)
Time: Tue Feb 24 19:01:05 2026 India Standard Time elapsed time: 0.010643 seconds (0d 0h 0m 0s)

---------------  T H R E A D  ---------------

Current thread (0x000001851a267210):  JavaThread "Unknown thread" [_thread_in_vm, id=43592, stack(0x000000801c000000,0x000000801c100000)]

Stack: [0x000000801c000000,0x000000801c100000]
Native frames: (J=compiled Java code, j=interpreted, Vv=VM code, C=native code)
V  [jvm.dll+0x683169]
V  [jvm.dll+0x839ac8]
V  [jvm.dll+0x83b573]
V  [jvm.dll+0x83bbe3]
V  [jvm.dll+0x2473ff]
V  [jvm.dll+0x67ff49]
V  [jvm.dll+0x674e3a]
V  [jvm.dll+0x304ea6]
V  [jvm.dll+0x30c366]
V  [jvm.dll+0x35deee]
V  [jvm.dll+0x35e12d]
V  [jvm.dll+0x2dc26c]
V  [jvm.dll+0x2dd184]
V  [jvm.dll+0x80ba1b]
V  [jvm.dll+0x36b921]
V  [jvm.dll+0x7ea5df]
V  [jvm.dll+0x3f24fe]
V  [jvm.dll+0x3f4031]
C  [jli.dll+0x5278]
C  [ucrtbase.dll+0x37b0]
C  [KERNEL32.DLL+0x2e8d7]
C  [ntdll.dll+0x8c40c]


---------------  P R O C E S S  ---------------

Threads class SMR info:
_java_thread_list=0x00007ff8b25e7f58, length=0, elements={
}

Java Threads: ( => current thread )

Other Threads:
  0x000001851a2d1d00 GCTaskThread "GC Thread#0" [stack: 0x000000801c100000,0x000000801c200000] [id=43596]
  0x000001851a2e32f0 ConcurrentGCThread "G1 Main Marker" [stack: 0x000000801c200000,0x000000801c300000] [id=43600]
  0x000001851a2e4880 ConcurrentGCThread "G1 Conc#0" [stack: 0x000000801c300000,0x000000801c400000] [id=43604]

[error occurred during error reporting (printing all threads), id 0xc0000005, EXCEPTION_ACCESS_VIOLATION (0xc0000005) at pc=0x00007ff8b1d9cd97]

VM state: not at safepoint (not fully initialized)

VM Mutex/Monitor currently owned by a thread:  ([mutex/lock_event])
[0x000001851a263550] Heap_lock - owner thread: 0x000001851a267210

Heap address: 0x0000000706200000, size: 3998 MB, Compressed Oops mode: Zero based, Oop shift amount: 3

CDS archive(s) mapped at: [0x0000000000000000-0x0000000000000000-0x0000000000000000), size 0, SharedBaseAddress: 0x0000000800000000, ArchiveRelocationMode: 1.
Narrow klass base: 0x0000000000000000, Narrow klass shift: 0, Narrow klass range: 0x0

GC Precious Log:
<Empty>

Heap:
 garbage-first heap   total 0K, used 0K [0x0000000706200000, 0x0000000800000000)
  region size 2048K, 0 young (0K), 0 survivors (0K)

[error occurred during error reporting (printing heap information), id 0xc0000005, EXCEPTION_ACCESS_VIOLATION (0xc0000005) at pc=0x00007ff8b218c869]

GC Heap History (0 events):
No events

Dll operation events (1 events):
Event: 0.004 Loaded shared library C:\Program Files\Eclipse Adoptium\jdk-17.0.16.8-hotspot\bin\java.dll

Deoptimization events (0 events):
No events

Classes loaded (0 events):
No events

Classes unloaded (0 events):
No events

Classes redefined (0 events):
No events

Internal exceptions (0 events):
No events

VM Operations (0 events):
No events

Memory protections (0 events):
No events

Nmethod flushes (0 events):
No events

Events (0 events):
No events


Dynamic libraries:
0x00007ff60c330000 - 0x00007ff60c33e000 	C:\Program Files\Eclipse Adoptium\jdk-17.0.16.8-hotspot\bin\java.EXE
0x00007ffa07e20000 - 0x00007ffa08088000 	C:\Windows\SYSTEM32\ntdll.dll
0x00007ffa067a0000 - 0x00007ffa06869000 	C:\Windows\System32\KERNEL32.DLL
0x00007ffa05190000 - 0x00007ffa05581000 	C:\Windows\System32\KERNELBASE.dll
0x00007ffa05590000 - 0x00007ffa056db000 	C:\Windows\System32\ucrtbase.dll
0x00007ff9e8a60000 - 0x00007ff9e8a77000 	C:\Program Files\Eclipse Adoptium\jdk-17.0.16.8-hotspot\bin\jli.dll
0x00007ff9e83b0000 - 0x00007ff9e83ce000 	C:\Program Files\Eclipse Adoptium\jdk-17.0.16.8-hotspot\bin\VCRUNTIME140.dll
0x00007ffa065d0000 - 0x00007ffa06796000 	C:\Windows\System32\USER32.dll
0x00007ffa05a10000 - 0x00007ffa05a37000 	C:\Windows\System32\win32u.dll
0x00007ff9e7620000 - 0x00007ff9e78b3000 	C:\Windows\WinSxS\amd64_microsoft.windows.common-controls_6595b64144ccf1df_6.0.26100.7824_none_3e0870b2e3345462\COMCTL32.dll
0x00007ffa076e0000 - 0x00007ffa0770b000 	C:\Windows\System32\GDI32.dll
0x00007ffa05d90000 - 0x00007ffa05e39000 	C:\Windows\System32\msvcrt.dll
0x00007ffa05770000 - 0x00007ffa0589b000 	C:\Windows\System32\gdi32full.dll
0x00007ffa04700000 - 0x00007ffa047a3000 	C:\Windows\System32\msvcp_win.dll
0x00007ffa07570000 - 0x00007ffa075a1000 	C:\Windows\System32\IMM32.DLL
0x00007ff9e0390000 - 0x00007ff9e0482000 	C:\Program Files\Windhawk\Engine\1.7.3\64\windhawk.dll
0x00007ffa06280000 - 0x00007ffa06334000 	C:\Windows\System32\ADVAPI32.dll
0x00007ffa075b0000 - 0x00007ffa07656000 	C:\Windows\System32\sechost.dll
0x00007ffa06340000 - 0x00007ffa06458000 	C:\Windows\System32\RPCRT4.dll
0x00007ff9fb070000 - 0x00007ff9fb07c000 	C:\Program Files\Eclipse Adoptium\jdk-17.0.16.8-hotspot\bin\vcruntime140_1.dll
0x00007ff9bfe70000 - 0x00007ff9bfefd000 	C:\Program Files\Eclipse Adoptium\jdk-17.0.16.8-hotspot\bin\msvcp140.dll
0x00007ff8b1ab0000 - 0x00007ff8b271b000 	C:\Program Files\Eclipse Adoptium\jdk-17.0.16.8-hotspot\bin\server\jvm.dll
0x00007ffa07d60000 - 0x00007ffa07dd4000 	C:\Windows\System32\WS2_32.dll
0x00007ffa03310000 - 0x00007ffa0336e000 	C:\Windows\SYSTEM32\POWRPROF.dll
0x00007ff9f9dc0000 - 0x00007ff9f9dcb000 	C:\Windows\SYSTEM32\VERSION.dll
0x00007ff9fbc10000 - 0x00007ff9fbc45000 	C:\Windows\SYSTEM32\WINMM.dll
0x00007ffa032f0000 - 0x00007ffa03304000 	C:\Windows\SYSTEM32\UMPDC.dll
0x00007ffa035c0000 - 0x00007ffa035db000 	C:\Windows\SYSTEM32\kernel.appcore.dll
0x00007ff9e8a50000 - 0x00007ff9e8a5a000 	C:\Program Files\Eclipse Adoptium\jdk-17.0.16.8-hotspot\bin\jimage.dll
0x00007ffa02640000 - 0x00007ffa02882000 	C:\Windows\SYSTEM32\DBGHELP.DLL
0x00007ffa05e80000 - 0x00007ffa06206000 	C:\Windows\System32\combase.dll
0x00007ffa06900000 - 0x00007ffa069d7000 	C:\Windows\System32\OLEAUT32.dll
0x00007ff9e2760000 - 0x00007ff9e279b000 	C:\Windows\SYSTEM32\dbgcore.DLL
0x00007ffa047b0000 - 0x00007ffa04855000 	C:\Windows\System32\bcryptPrimitives.dll
0x00007ff9e8380000 - 0x00007ff9e83a5000 	C:\Program Files\Eclipse Adoptium\jdk-17.0.16.8-hotspot\bin\java.dll

dbghelp: loaded successfully - version: 4.0.5 - missing functions: none
symbol engine: initialized successfully - sym options: 0x614 - pdb path: .;C:\Program Files\Eclipse Adoptium\jdk-17.0.16.8-hotspot\bin;C:\Windows\SYSTEM32;C:\Windows\WinSxS\amd64_microsoft.windows.common-controls_6595b64144ccf1df_6.0.26100.7824_none_3e0870b2e3345462;C:\Program Files\Windhawk\Engine\1.7.3\64;C:\Program Files\Eclipse Adoptium\jdk-17.0.16.8-hotspot\bin\server

VM Arguments:
java_command: <unknown>
java_class_path (initial): <not set>
Launcher Type: SUN_STANDARD

[Global flags]
     intx CICompilerCount                          = 4                                         {product} {ergonomic}
     uint ConcGCThreads                            = 3                                         {product} {ergonomic}
     uint G1ConcRefinementThreads                  = 10                                        {product} {ergonomic}
   size_t G1HeapRegionSize                         = 2097152                                   {product} {ergonomic}
    uintx GCDrainStackTargetSize                   = 64                                        {product} {ergonomic}
   size_t InitialHeapSize                          = 262144000                                 {product} {ergonomic}
   size_t MarkStackSize                            = 4194304                                   {product} {ergonomic}
   size_t MaxHeapSize                              = 4192206848                                {product} {ergonomic}
   size_t MinHeapDeltaBytes                        = 2097152                                   {product} {ergonomic}
   size_t MinHeapSize                              = 8388608                                   {product} {ergonomic}
    uintx NonNMethodCodeHeapSize                   = 5839372                                {pd product} {ergonomic}
    uintx NonProfiledCodeHeapSize                  = 122909434                              {pd product} {ergonomic}
    uintx ProfiledCodeHeapSize                     = 122909434                              {pd product} {ergonomic}
    uintx ReservedCodeCacheSize                    = 251658240                              {pd product} {ergonomic}
     bool SegmentedCodeCache                       = true                                      {product} {ergonomic}
   size_t SoftMaxHeapSize                          = 4192206848                             {manageable} {ergonomic}
     bool UseCompressedClassPointers               = true                           {product lp64_product} {ergonomic}
     bool UseCompressedOops                        = true                           {product lp64_product} {ergonomic}
     bool UseG1GC                                  = true                                      {product} {ergonomic}
     bool UseLargePagesIndividualAllocation        = false                                  {pd product} {ergonomic}

Logging:
Log output configuration:
 #0: stdout all=warning uptime,level,tags
 #1: stderr all=off uptime,level,tags

Environment Variables:
JAVA_HOME=C:\Program Files\Eclipse Adoptium\jdk-17.0.16.8-hotspot\
PATH=C:\Program Files\PowerShell\7;C:\Program Files\Eclipse Adoptium\jdk-17.0.16.8-hotspot\bin;C:\Windows\system32;C:\Windows;C:\Windows\System32\Wbem;C:\Windows\System32\WindowsPowerShell\v1.0\;C:\Windows\System32\OpenSSH\;C:\Program Files (x86)\NVIDIA Corporation\PhysX\Common;C:\Program Files\dotnet\;C:\Program Files\NVIDIA Corporation\NVIDIA App\NvDLISR;C:\Program Files\Eclipse Adoptium\jdk-17.0.16.8-hotspot\\bin;C:\ProgramData\chocolatey\bin;C:\Program Files\Docker\Docker\resources\bin;C:\Program Files\PostgreSQL\17\bin;C:\Program Files\PowerShell\7\;C:\Program Files\cursor\resources\app\bin;C:\Program Files\MySQL\MySQL Server 8.0\bin;C:\Program Files\Git\cmd;C:\Program Files\MySQL\MySQL Shell 8.0\bin\;C:\Users\Nauti\AppData\Local\Microsoft\WindowsApps;C:\Users\Nauti\AppData\Local\Programs\Microsoft VS Code\bin;C:\Users\Nauti\AppData\Local\GitHubDesktop\bin;C:\Users\Nauti\AppData\Local\Programs\IntelliJ IDEA Community Edition 2025.2.2\bin;C:\Users\Nauti\AppData\Local\Python\bin;C:\Users\Nauti\AppData\Local\Python\pythoncore-3.14-64\Scripts\;C:\Users\Nauti\AppData\Local\Programs\Antigravity\bin;C:\Users\Nauti\AppData\Local\PowerToys\DSCModules\
USERNAME=Nauti
LANG=en_US.UTF-8
OS=Windows_NT
PROCESSOR_IDENTIFIER=Intel64 Family 6 Model 186 Stepping 2, GenuineIntel
TMP=C:\Users\Nauti\AppData\Local\Temp
TEMP=C:\Users\Nauti\AppData\Local\Temp



Periodic native trim disabled


---------------  S Y S T E M  ---------------

OS:
 Windows 11 , 64 bit Build 26100 (10.0.26100.7705)
OS uptime: 0 days 0:56 hours
Hyper-V role detected

CPU: total 12 (initial active 12) (6 cores per cpu, 2 threads per core) family 6 model 186 stepping 2 microcode 0x5104, cx8, cmov, fxsr, ht, mmx, 3dnowpref, sse, sse2, sse3, ssse3, sse4.1, sse4.2, popcnt, lzcnt, tsc, tscinvbit, avx, avx2, aes, erms, clmul, bmi1, bmi2, adx, sha, fma, vzeroupper, clflush, clflushopt, clwb, hv
Processor Information for processor 0
  Max Mhz: 2200, Current Mhz: 2200, Mhz Limit: 2200
Processor Information for processor 1
  Max Mhz: 2200, Current Mhz: 2200, Mhz Limit: 2200
Processor Information for processor 2
  Max Mhz: 2200, Current Mhz: 2200, Mhz Limit: 2200
Processor Information for processor 3
  Max Mhz: 2200, Current Mhz: 2200, Mhz Limit: 2200
Processor Information for processor 4
  Max Mhz: 2200, Current Mhz: 2200, Mhz Limit: 2200
Processor Information for processor 5
  Max Mhz: 2200, Current Mhz: 2200, Mhz Limit: 2200
Processor Information for processor 6
  Max Mhz: 2200, Current Mhz: 2200, Mhz Limit: 2200
Processor Information for processor 7
  Max Mhz: 2200, Current Mhz: 2200, Mhz Limit: 2200
Processor Information for processor 8
  Max Mhz: 2200, Current Mhz: 1512, Mhz Limit: 2200
Processor Information for processor 9
  Max Mhz: 2200, Current Mhz: 2200, Mhz Limit: 2200
Processor Information for processor 10
  Max Mhz: 2200, Current Mhz: 2200, Mhz Limit: 2200
Processor Information for processor 11
  Max Mhz: 2200, Current Mhz: 2200, Mhz Limit: 2200

Memory: 4k page, system-wide physical 15987M (1183M free)
TotalPageFile size 65137M (AvailPageFile size 43M)
current process WorkingSet (physical memory assigned to process): 13M, peak: 13M
current process commit charge ("private bytes"): 64M, peak: 314M

vm_info: OpenJDK 64-Bit Server VM (17.0.16+8) for windows-amd64 JRE (17.0.16+8), built on Jul 16 2025 10:37:56 by "admin" with MS VC++ 17.7 (VS2022)

END.
